app/build/outputs/logs/manifest-merger-debug-report.txt
-- Merging decision tree log ---
manifest
ADDED from src/main/AndroidManifest.xml:2:1-78:12
	xmlns:android
		ADDED from src/main/AndroidManifest.xml:2:11-69
	package
		ADDED from src/main/AndroidManifest.xml:3:5-45
		INJECTED from src/main/AndroidManifest.xml
		INJECTED from src/main/AndroidManifest.xml
	android:versionName
		ADDED from src/main/AndroidManifest.xml:5:5-32
	android:versionCode
		ADDED from src/main/AndroidManifest.xml:4:5-29
		INJECTED from src/main/AndroidManifest.xml
		INJECTED from src/main/AndroidManifest.xml
uses-sdk
ADDED from src/main/AndroidManifest.xml:7:5-9:41
MERGED from [com.google.android.gms:play-services:6.5.87] AndroidManifest.xml:18:5-42
MERGED from [com.android.support:support-v4:21.0.3] AndroidManifest.xml:15:5-42
MERGED from [com.uservoice:uservoice-android-sdk:1.2.4] AndroidManifest.xml:7:5-9:41
MERGED from [com.android.support:appcompat-v7:21.0.3] AndroidManifest.xml:15:5-42
MERGED from [com.android.support:support-v4:21.0.3] AndroidManifest.xml:15:5-42
MERGED from [com.android.support:support-v4:21.0.3] AndroidManifest.xml:15:5-42
MERGED from [com.facebook.android:facebook-android-sdk:3.22.0] AndroidManifest.xml:20:5-22:41
MERGED from [com.android.support:support-v4:21.0.3] AndroidManifest.xml:15:5-42
MERGED from [com.crashlytics.sdk.android:crashlytics:2.5.2] AndroidManifest.xml:7:5-43
MERGED from [com.crashlytics.sdk.android:answers:1.3.2] AndroidManifest.xml:7:5-43
MERGED from [io.fabric.sdk.android:fabric:1.3.6] AndroidManifest.xml:23:5-43
MERGED from [io.fabric.sdk.android:fabric:1.3.6] AndroidManifest.xml:23:5-43
MERGED from [com.crashlytics.sdk.android:crashlytics-core:2.3.5] AndroidManifest.xml:7:5-43
MERGED from [com.crashlytics.sdk.android:answers:1.3.2] AndroidManifest.xml:7:5-43
MERGED from [io.fabric.sdk.android:fabric:1.3.6] AndroidManifest.xml:23:5-43
MERGED from [io.fabric.sdk.android:fabric:1.3.6] AndroidManifest.xml:23:5-43
MERGED from [com.crashlytics.sdk.android:beta:1.1.3] AndroidManifest.xml:7:5-43
	android:targetSdkVersion
		ADDED from src/main/AndroidManifest.xml:9:9-38
		INJECTED from src/main/AndroidManifest.xml
		INJECTED from src/main/AndroidManifest.xml
	android:minSdkVersion
		ADDED from src/main/AndroidManifest.xml:8:9-35
		INJECTED from src/main/AndroidManifest.xml
		INJECTED from src/main/AndroidManifest.xml
uses-permission#android.permission.INTERNET
ADDED from src/main/AndroidManifest.xml:10:5-66
MERGED from [com.uservoice:uservoice-android-sdk:1.2.4] AndroidManifest.xml:11:5-67
MERGED from [com.crashlytics.sdk.android:crashlytics:2.5.2] AndroidManifest.xml:9:5-67
MERGED from [com.crashlytics.sdk.android:answers:1.3.2] AndroidManifest.xml:9:5-67
MERGED from [io.fabric.sdk.android:fabric:1.3.6] AndroidManifest.xml:25:5-67
MERGED from [io.fabric.sdk.android:fabric:1.3.6] AndroidManifest.xml:25:5-67
MERGED from [com.crashlytics.sdk.android:crashlytics-core:2.3.5] AndroidManifest.xml:9:5-67
MERGED from [com.crashlytics.sdk.android:answers:1.3.2] AndroidManifest.xml:9:5-67
MERGED from [io.fabric.sdk.android:fabric:1.3.6] AndroidManifest.xml:25:5-67
MERGED from [io.fabric.sdk.android:fabric:1.3.6] AndroidManifest.xml:25:5-67
	android:name
		ADDED from src/main/AndroidManifest.xml:10:22-64
uses-permission#android.permission.ACCESS_NETWORK_STATE
ADDED from src/main/AndroidManifest.xml:11:5-78
	android:name
		ADDED from src/main/AndroidManifest.xml:11:22-76
uses-permission#android.permission.READ_PHONE_STATE
ADDED from src/main/AndroidManifest.xml:12:2-72
	android:name
		ADDED from src/main/AndroidManifest.xml:12:19-69
uses-permission#android.permission.WRITE_EXTERNAL_STORAGE
ADDED from src/main/AndroidManifest.xml:13:2-78
	android:name
		ADDED from src/main/AndroidManifest.xml:13:19-75
uses-permission#android.permission.READ_LOGS
ADDED from src/main/AndroidManifest.xml:14:2-64
	android:name
		ADDED from src/main/AndroidManifest.xml:14:19-62
uses-permission#android.permission.WAKE_LOCK
ADDED from src/main/AndroidManifest.xml:15:5-68
	android:name
		ADDED from src/main/AndroidManifest.xml:15:22-65
application
ADDED from src/main/AndroidManifest.xml:17:5-76:19
MERGED from [com.google.android.gms:play-services:6.5.87] AndroidManifest.xml:20:5-24:19
MERGED from [com.android.support:support-v4:21.0.3] AndroidManifest.xml:16:5-19
MERGED from [com.uservoice:uservoice-android-sdk:1.2.4] AndroidManifest.xml:13:5-34:19
MERGED from [com.android.support:appcompat-v7:21.0.3] AndroidManifest.xml:16:5-19
MERGED from [com.android.support:support-v4:21.0.3] AndroidManifest.xml:16:5-19
MERGED from [com.android.support:support-v4:21.0.3] AndroidManifest.xml:16:5-19
MERGED from [com.facebook.android:facebook-android-sdk:3.22.0] AndroidManifest.xml:24:5-20
MERGED from [com.android.support:support-v4:21.0.3] AndroidManifest.xml:16:5-19
MERGED from [com.crashlytics.sdk.android:crashlytics:2.5.2] AndroidManifest.xml:11:5-20
MERGED from [com.crashlytics.sdk.android:answers:1.3.2] AndroidManifest.xml:11:5-20
MERGED from [io.fabric.sdk.android:fabric:1.3.6] AndroidManifest.xml:27:5-20
MERGED from [io.fabric.sdk.android:fabric:1.3.6] AndroidManifest.xml:27:5-20
MERGED from [com.crashlytics.sdk.android:crashlytics-core:2.3.5] AndroidManifest.xml:11:5-20
MERGED from [com.crashlytics.sdk.android:answers:1.3.2] AndroidManifest.xml:11:5-20
MERGED from [io.fabric.sdk.android:fabric:1.3.6] AndroidManifest.xml:27:5-20
MERGED from [io.fabric.sdk.android:fabric:1.3.6] AndroidManifest.xml:27:5-20
MERGED from [com.crashlytics.sdk.android:beta:1.1.3] AndroidManifest.xml:9:5-20
	android:label
		ADDED from src/main/AndroidManifest.xml:20:9-41
	android:allowBackup
		ADDED from src/main/AndroidManifest.xml:18:9-35
	android:icon
		ADDED from src/main/AndroidManifest.xml:19:9-38
	android:theme
		ADDED from src/main/AndroidManifest.xml:21:9-62
activity#com.surfcityapps.am.loseweight.HomeActivity
ADDED from src/main/AndroidManifest.xml:24:9-34:20
	android:screenOrientation
		ADDED from src/main/AndroidManifest.xml:27:13-55
	android:label
		ADDED from src/main/AndroidManifest.xml:28:13-45
	android:configChanges
		ADDED from src/main/AndroidManifest.xml:26:13-74
	android:name
		ADDED from src/main/AndroidManifest.xml:25:13-71
	android:launchMode
		ADDED from src/main/AndroidManifest.xml:29:13-44
intent-filter#android.intent.action.MAIN+android.intent.category.LAUNCHER
ADDED from src/main/AndroidManifest.xml:30:13-33:29
action#android.intent.action.MAIN
ADDED from src/main/AndroidManifest.xml:31:17-69
	android:name
		ADDED from src/main/AndroidManifest.xml:31:25-66
category#android.intent.category.LAUNCHER
ADDED from src/main/AndroidManifest.xml:32:17-77
	android:name
		ADDED from src/main/AndroidManifest.xml:32:27-74
activity#com.surfcityapps.am.loseweight.ShareActivity
ADDED from src/main/AndroidManifest.xml:35:3-127
	android:screenOrientation
		ADDED from src/main/AndroidManifest.xml:35:73-115
	android:name
		ADDED from src/main/AndroidManifest.xml:35:13-72
activity#com.surfcityapps.am.loseweight.UnlockActivity
ADDED from src/main/AndroidManifest.xml:36:9-134
	android:screenOrientation
		ADDED from src/main/AndroidManifest.xml:36:80-122
	android:name
		ADDED from src/main/AndroidManifest.xml:36:19-79
activity#com.surfcityapps.am.loseweight.ReviewActivity
ADDED from src/main/AndroidManifest.xml:37:9-134
	android:screenOrientation
		ADDED from src/main/AndroidManifest.xml:37:80-122
	android:name
		ADDED from src/main/AndroidManifest.xml:37:19-79
meta-data#com.google.android.gms.version
ADDED from src/main/AndroidManifest.xml:39:9-122
MERGED from [com.google.android.gms:play-services:6.5.87] AndroidManifest.xml:21:9-23:69
	android:name
		ADDED from src/main/AndroidManifest.xml:39:20-65
	android:value
		ADDED from src/main/AndroidManifest.xml:39:66-119
meta-data#com.facebook.sdk.ApplicationId
ADDED from src/main/AndroidManifest.xml:41:9-98
	android:name
		ADDED from src/main/AndroidManifest.xml:41:51-96
	android:value
		ADDED from src/main/AndroidManifest.xml:41:20-50
activity#com.facebook.LoginActivity
ADDED from src/main/AndroidManifest.xml:42:9-72
	android:name
		ADDED from src/main/AndroidManifest.xml:42:19-60
activity#com.apsalar.sdk.Activity
ADDED from src/main/AndroidManifest.xml:43:9-46:19
	android:label
		ADDED from src/main/AndroidManifest.xml:45:17-40
	android:configChanges
		ADDED from src/main/AndroidManifest.xml:44:17-67
	android:name
		ADDED from src/main/AndroidManifest.xml:43:19-58
receiver#com.apsalar.sdk.ApsalarReceiver
ADDED from src/main/AndroidManifest.xml:47:8-51:14
	android:exported
		ADDED from src/main/AndroidManifest.xml:47:18-41
	android:name
		ADDED from src/main/AndroidManifest.xml:47:42-88
intent-filter#com.android.vending.INSTALL_REFERRER
ADDED from src/main/AndroidManifest.xml:48:9-50:25
action#com.android.vending.INSTALL_REFERRER
ADDED from src/main/AndroidManifest.xml:49:14-83
	android:name
		ADDED from src/main/AndroidManifest.xml:49:22-73
activity#com.askingpoint.android.AskingPointActivity
ADDED from src/main/AndroidManifest.xml:54:3-58:57
	android:configChanges
		ADDED from src/main/AndroidManifest.xml:56:7-126
	android:theme
		ADDED from src/main/AndroidManifest.xml:58:7-55
	android:name
		ADDED from src/main/AndroidManifest.xml:55:7-65
activity#com.uservoice.uservoicesdk.activity.PortalActivity
ADDED from src/main/AndroidManifest.xml:59:7-123
MERGED from [com.uservoice:uservoice-android-sdk:1.2.4] AndroidManifest.xml:14:9-16:53
	android:theme
		ADDED from src/main/AndroidManifest.xml:59:83-120
	android:name
		ADDED from src/main/AndroidManifest.xml:59:17-82
activity#com.uservoice.uservoicesdk.activity.ForumActivity
ADDED from src/main/AndroidManifest.xml:60:7-122
MERGED from [com.uservoice:uservoice-android-sdk:1.2.4] AndroidManifest.xml:17:9-19:53
	android:theme
		ADDED from src/main/AndroidManifest.xml:60:82-119
	android:name
		ADDED from src/main/AndroidManifest.xml:60:17-81
activity#com.uservoice.uservoicesdk.activity.ArticleActivity
ADDED from src/main/AndroidManifest.xml:61:7-124
MERGED from [com.uservoice:uservoice-android-sdk:1.2.4] AndroidManifest.xml:20:9-22:53
	android:theme
		ADDED from src/main/AndroidManifest.xml:61:84-121
	android:name
		ADDED from src/main/AndroidManifest.xml:61:17-83
activity#com.uservoice.uservoicesdk.activity.TopicActivity
ADDED from src/main/AndroidManifest.xml:62:7-122
MERGED from [com.uservoice:uservoice-android-sdk:1.2.4] AndroidManifest.xml:23:9-25:53
	android:theme
		ADDED from src/main/AndroidManifest.xml:62:82-119
	android:name
		ADDED from src/main/AndroidManifest.xml:62:17-81
activity#com.uservoice.uservoicesdk.activity.ContactActivity
ADDED from src/main/AndroidManifest.xml:63:7-186
MERGED from [com.uservoice:uservoice-android-sdk:1.2.4] AndroidManifest.xml:26:9-29:53
	android:configChanges
		ADDED from src/main/AndroidManifest.xml:63:122-183
	android:theme
		ADDED from src/main/AndroidManifest.xml:63:84-121
	android:name
		ADDED from src/main/AndroidManifest.xml:63:17-83
activity#com.uservoice.uservoicesdk.activity.PostIdeaActivity
ADDED from src/main/AndroidManifest.xml:64:7-187
MERGED from [com.uservoice:uservoice-android-sdk:1.2.4] AndroidManifest.xml:30:9-33:53
	android:configChanges
		ADDED from src/main/AndroidManifest.xml:64:123-184
	android:theme
		ADDED from src/main/AndroidManifest.xml:64:85-122
	android:name
		ADDED from src/main/AndroidManifest.xml:64:17-84
receiver#com.amazon.device.iap.ResponseReceiver
ADDED from src/main/AndroidManifest.xml:66:9-71:20
	android:name
		ADDED from src/main/AndroidManifest.xml:66:19-74
intent-filter#com.amazon.inapp.purchasing.NOTIFY
ADDED from src/main/AndroidManifest.xml:67:13-70:29
action#com.amazon.inapp.purchasing.NOTIFY
ADDED from src/main/AndroidManifest.xml:68:17-69:92
	android:permission
		ADDED from src/main/AndroidManifest.xml:69:21-89
	android:name
		ADDED from src/main/AndroidManifest.xml:68:25-76
meta-data#io.fabric.ApiKey
ADDED from src/main/AndroidManifest.xml:73:9-75:72
	android:name
		ADDED from src/main/AndroidManifest.xml:74:13-44
	android:value
		ADDED from src/main/AndroidManifest.xml:75:13-69